<?xml version="1.0" encoding="UTF-8"?>
<!-- Generated by org.testng.reporters.JUnitReportReporter -->
<testsuite hostname="Geetha" name="Testcases.Login_HRM" tests="1" failures="0" timestamp="17 Nov 2018 11:32:34 GMT" time="20.165" errors="0">
  <testcase name="loginHRM" time="20.165" classname="Testcases.Login_HRM"/>
</testsuite> <!-- Testcases.Login_HRM -->
